{"name": "test_shop_now_tshirts", "status": "failed", "statusDetails": {"message": "AssertionError: Button text mismatch! Expected: 'Shop Now', Found: 'SHOP NOW'\nassert 'SHOP NOW' == 'Shop Now'\n  \n  - Shop Now\n  + SHOP NOW", "trace": "setup = <selenium.webdriver.firefox.webdriver.WebDriver (session=\"a3cd120e-6d10-452c-9795-4600333efac2\")>\n\n    @allure.feature(\"Shop Button Navigation\")\n    @allure.story(\"Verify the 'Shop Now' button for Men's T-Shirts\")\n    def test_shop_now_tshirts(setup):\n        driver = setup\n        with allure.step(\"Locate the main 'shop-app' element\"):\n            shop_app = driver.find_element(By.CSS_SELECTOR, \"shop-app\")\n    \n        with allure.step(\"Access shadow root of 'shop-app' and find 'iron-pages'\"):\n            iron_pages = get_shadow_element(driver, shop_app, \"iron-pages\")\n    \n        with allure.step(\"Find 'shop-home' inside 'iron-pages'\"):\n            shop_home = iron_pages.find_element(By.CSS_SELECTOR, \"shop-home.iron-selected\")\n    \n        with allure.step(\"Access shadow root of 'shop-home'\"):\n            shop_home_shadow = driver.execute_script(\"return arguments[0].shadowRoot\", shop_home)\n    \n        with allure.step(\"Locate the 'Shop Now' button for Men's T-Shirts\"):\n            button = shop_home_shadow.find_element(By.CSS_SELECTOR, \"a[aria-label=\\\"Men's T-Shirts Shop Now\\\"]\")\n    \n        with allure.step(\"Verify the button text\"):\n>           assert button.text.strip() == \"Shop Now\", f\"Button text mismatch! Expected: 'Shop Now', Found: '{button.text.strip()}'\"\nE           AssertionError: Button text mismatch! Expected: 'Shop Now', Found: 'SHOP NOW'\nE           assert 'SHOP NOW' == 'Shop Now'\nE             \nE             - Shop Now\nE             + SHOP NOW\n\ntests\\test_ui.py:123: AssertionError"}, "steps": [{"name": "Locate the main 'shop-app' element", "status": "passed", "start": 1738341328565, "stop": 1738341328585}, {"name": "Access shadow root of 'shop-app' and find 'iron-pages'", "status": "passed", "start": 1738341328585, "stop": 1738341328595}, {"name": "Find 'shop-home' inside 'iron-pages'", "status": "passed", "start": 1738341328595, "stop": 1738341328598}, {"name": "Access shadow root of 'shop-home'", "status": "passed", "start": 1738341328598, "stop": 1738341328601}, {"name": "Locate the 'Shop Now' button for Men's T-Shirts", "status": "passed", "start": 1738341328601, "stop": 1738341328603}, {"name": "Verify the button text", "status": "failed", "statusDetails": {"message": "AssertionError: Button text mismatch! Expected: 'Shop Now', Found: 'SHOP NOW'\nassert 'SHOP NOW' == 'Shop Now'\n  \n  - Shop Now\n  + SHOP NOW\n", "trace": "  File \"C:\\Users\\H.MGH\\Desktop\\h2\\SoftwareTest\\selenium\\tests\\test_ui.py\", line 123, in test_shop_now_tshirts\n    assert button.text.strip() == \"Shop Now\", f\"Button text mismatch! Expected: 'Shop Now', Found: '{button.text.strip()}'\"\n"}, "start": 1738341328603, "stop": 1738341328614}], "start": 1738341328565, "stop": 1738341328615, "uuid": "04e395a3-0f42-4cf4-b081-d7c9c76abe8b", "historyId": "12e3dd802eb2e534484e16ce09078069", "testCaseId": "12e3dd802eb2e534484e16ce09078069", "fullName": "tests.test_ui#test_shop_now_tshirts", "labels": [{"name": "feature", "value": "Shop Button Navigation"}, {"name": "story", "value": "Verify the 'Shop Now' button for Men's T-Shirts"}, {"name": "parentSuite", "value": "tests"}, {"name": "suite", "value": "test_ui"}, {"name": "host", "value": "HMGH"}, {"name": "thread", "value": "18320-MainThread"}, {"name": "framework", "value": "pytest"}, {"name": "language", "value": "cpython3"}, {"name": "package", "value": "tests.test_ui"}]}