{"name": "test_email_validation[rh@gmail-True]", "status": "failed", "statusDetails": {"message": "AssertionError: Test Failed for email 'rh@gmail': Expected error True, but got False.\nassert False == True", "trace": "setup_driver = <selenium.webdriver.chrome.webdriver.WebDriver (session=\"5ec5a24d6a712afe77565ce606dc1b15\")>, email = 'rh@gmail', expected_error = True\n\n    @allure.feature(\"Email Validation\")\n    @allure.story(\"Verify email validation error messages\")\n    @pytest.mark.parametrize(\"email, expected_error\", [\n        (\"r\", True),  # Empty email should show error\n        (\"rh@gmail.com\", False),  # Valid email should NOT show error\n        (\"rh\", True),  # Invalid email should show error\n        (\"rh@gmail\", True)  # Incomplete email should show error\n    ])\n    def test_email_validation(setup_driver, email, expected_error):\n        driver = setup_driver\n    \n        with allure.step(\"Navigate to checkout page\"):\n            shop_app = driver.find_element(By.CSS_SELECTOR, \"shop-app\")\n            iron_pages = get_shadow_element(driver, shop_app, \"iron-pages\")\n            shop_detail = iron_pages.find_element(By.CSS_SELECTOR, \"shop-detail\")\n            shop_button = get_shadow_element(driver, shop_detail, \"shop-button\")\n            add_to_cart_button = shop_button.find_element(By.CSS_SELECTOR, \"button[aria-label='Add this item to cart']\")\n            add_to_cart_button.click()\n            time.sleep(2)\n    \n            shop_cart_modal = get_shadow_element(driver, shop_app, \"shop-cart-modal\")\n            checkout_button = get_shadow_element(driver, shop_cart_modal, \"shop-button:nth-of-type(2)\")\n            checkout_link = checkout_button.find_element(By.CSS_SELECTOR, \"a[href='/checkout']\")\n            checkout_link.click()\n            time.sleep(1)\n    \n        with allure.step(\"Locate email input field and place order button\"):\n            shop_app = driver.find_element(By.CSS_SELECTOR, \"shop-app\")\n            iron_pages = get_shadow_element(driver, shop_app, \"iron-pages\")\n            shop_checkout = iron_pages.find_element(By.CSS_SELECTOR, \"shop-checkout\")\n            shop_checkout_shadow = get_shadow_element(driver, shop_checkout, \"div\")\n            email_input = shop_checkout_shadow.find_element(By.CSS_SELECTOR, \"input#accountEmail\")\n    \n    \n        with allure.step(f\"Enter email: {email} and submit order\"):\n            email_input.clear()\n            email_input.send_keys(email)\n            place_order_button = shop_checkout_shadow.find_element(By.CSS_SELECTOR, 'input[value=\"Place Order\"]')\n            place_order_button.click()\n            time.sleep(1)\n    \n        with allure.step(\"Check for email validation error\"):\n            shop_md_decorator = shop_checkout_shadow.find_element(By.CSS_SELECTOR, \"shop-md-decorator\")\n            error_visible = driver.execute_script(\"\"\"\n                        const element = arguments[0];\n                        const style = window.getComputedStyle(element, '::after');\n                        return style.content !== 'none' && style.display !== 'none';\n                    \"\"\", shop_md_decorator)\n    \n            allure.attach(driver.get_screenshot_as_png(), name=\"Email Validation\", attachment_type=allure.attachment_type.PNG)\n>           assert error_visible == expected_error, f\"Test Failed for email '{email}': Expected error {expected_error}, but got {error_visible}.\"\nE           AssertionError: Test Failed for email 'rh@gmail': Expected error True, but got False.\nE           assert False == True\n\ntest_Scripts.py:117: AssertionError"}, "steps": [{"name": "Navigate to checkout page", "status": "passed", "steps": [{"name": "Get shadow root of element: 'iron-pages'", "status": "passed", "parameters": [{"name": "driver", "value": "<selenium.webdriver.chrome.webdriver.WebDriver (session=\"5ec5a24d6a712afe77565ce606dc1b15\")>"}, {"name": "root_element", "value": "<selenium.webdriver.remote.webelement.WebElement (session=\"5ec5a24d6a712afe77565ce606dc1b15\", element=\"f.63361BB186EC423E199729A0103BE959.d.C28C13A55D6A42688A7E483E79868A29.e.2\")>"}, {"name": "selector", "value": "'iron-pages'"}], "start": 1738357853948, "stop": 1738357853990}, {"name": "Get shadow root of element: 'shop-button'", "status": "passed", "parameters": [{"name": "driver", "value": "<selenium.webdriver.chrome.webdriver.WebDriver (session=\"5ec5a24d6a712afe77565ce606dc1b15\")>"}, {"name": "root_element", "value": "<selenium.webdriver.remote.webelement.WebElement (session=\"5ec5a24d6a712afe77565ce606dc1b15\", element=\"f.63361BB186EC423E199729A0103BE959.d.C28C13A55D6A42688A7E483E79868A29.e.5\")>"}, {"name": "selector", "value": "'shop-button'"}], "start": 1738357854023, "stop": 1738357854065}, {"name": "Get shadow root of element: 'shop-cart-modal'", "status": "passed", "parameters": [{"name": "driver", "value": "<selenium.webdriver.chrome.webdriver.WebDriver (session=\"5ec5a24d6a712afe77565ce606dc1b15\")>"}, {"name": "root_element", "value": "<selenium.webdriver.remote.webelement.WebElement (session=\"5ec5a24d6a712afe77565ce606dc1b15\", element=\"f.63361BB186EC423E199729A0103BE959.d.C28C13A55D6A42688A7E483E79868A29.e.2\")>"}, {"name": "selector", "value": "'shop-cart-modal'"}], "start": 1738357856257, "stop": 1738357856306}, {"name": "Get shadow root of element: 'shop-button:nth-of-type(2)'", "status": "passed", "parameters": [{"name": "driver", "value": "<selenium.webdriver.chrome.webdriver.WebDriver (session=\"5ec5a24d6a712afe77565ce606dc1b15\")>"}, {"name": "root_element", "value": "<selenium.webdriver.remote.webelement.WebElement (session=\"5ec5a24d6a712afe77565ce606dc1b15\", element=\"f.63361BB186EC423E199729A0103BE959.d.C28C13A55D6A42688A7E483E79868A29.e.14\")>"}, {"name": "selector", "value": "'shop-button:nth-of-type(2)'"}], "start": 1738357856306, "stop": 1738357856341}], "start": 1738357853923, "stop": 1738357857529}, {"name": "Locate email input field and place order button", "status": "passed", "steps": [{"name": "Get shadow root of element: 'iron-pages'", "status": "passed", "parameters": [{"name": "driver", "value": "<selenium.webdriver.chrome.webdriver.WebDriver (session=\"5ec5a24d6a712afe77565ce606dc1b15\")>"}, {"name": "root_element", "value": "<selenium.webdriver.remote.webelement.WebElement (session=\"5ec5a24d6a712afe77565ce606dc1b15\", element=\"f.63361BB186EC423E199729A0103BE959.d.C28C13A55D6A42688A7E483E79868A29.e.2\")>"}, {"name": "selector", "value": "'iron-pages'"}], "start": 1738357857555, "stop": 1738357857587}, {"name": "Get shadow root of element: 'div'", "status": "passed", "parameters": [{"name": "driver", "value": "<selenium.webdriver.chrome.webdriver.WebDriver (session=\"5ec5a24d6a712afe77565ce606dc1b15\")>"}, {"name": "root_element", "value": "<selenium.webdriver.remote.webelement.WebElement (session=\"5ec5a24d6a712afe77565ce606dc1b15\", element=\"f.63361BB186EC423E199729A0103BE959.d.C28C13A55D6A42688A7E483E79868A29.e.38\")>"}, {"name": "selector", "value": "'div'"}], "start": 1738357857612, "stop": 1738357865854}], "start": 1738357857529, "stop": 1738357865877}, {"name": "Enter email: rh@gmail and submit order", "status": "passed", "start": 1738357865877, "stop": 1738357867247}, {"name": "Check for email validation error", "status": "failed", "statusDetails": {"message": "AssertionError: Test Failed for email 'rh@gmail': Expected error True, but got False.\nassert False == True\n", "trace": "  File \"D:\\E.R.Y\\(7)\\SoftwareTest\\Project\\AllureTest\\test_Scripts.py\", line 117, in test_email_validation\n    assert error_visible == expected_error, f\"Test Failed for email '{email}': Expected error {expected_error}, but got {error_visible}.\"\n"}, "attachments": [{"name": "Email Validation", "source": "ec270f5f-81c2-4ad3-becf-5059614de522-attachment.png", "type": "image/png"}], "start": 1738357867247, "stop": 1738357867349}], "parameters": [{"name": "email", "value": "'rh@gmail'"}, {"name": "expected_error", "value": "True"}], "start": 1738357853923, "stop": 1738357867351, "uuid": "42c443e1-1d9e-4e30-86f8-d1d33fee8a93", "historyId": "22645eb11a5a2b286f652a857b8fffc4", "testCaseId": "2a9dce64a57624f9575e05d0f733d1bb", "fullName": "test_Scripts#test_email_validation", "labels": [{"name": "story", "value": "Verify email validation error messages"}, {"name": "feature", "value": "Email Validation"}, {"name": "suite", "value": "test_Scripts"}, {"name": "host", "value": "MSI"}, {"name": "thread", "value": "25672-MainThread"}, {"name": "framework", "value": "pytest"}, {"name": "language", "value": "cpython3"}, {"name": "package", "value": "test_Scripts"}]}