{"name": "test_checkout_invalid_email", "status": "failed", "statusDetails": {"message": "Failed: Test encountered an error: Test Failed: No email validation error displayed\nassert False", "trace": "@allure.feature(\"Checkout Process\")\n    @allure.story(\"Verify invalid email validation\")\n    def test_checkout_invalid_email():\n        driver = webdriver.Chrome()\n        driver.get(\"https://shop.polymer-project.org/detail/mens_outerwear/Anvil+L+S+Crew+Neck+-+Grey\")\n        time.sleep(1)\n    \n        try:\n            with allure.step(\"Add item to cart\"):\n                shop_app = driver.find_element(By.CSS_SELECTOR, \"shop-app\")\n                iron_pages = get_shadow_element(driver, shop_app, \"iron-pages\")\n                shop_detail = iron_pages.find_element(By.CSS_SELECTOR, \"shop-detail\")\n                shop_button = get_shadow_element(driver, shop_detail, \"shop-button\")\n                add_to_cart_button = shop_button.find_element(By.CSS_SELECTOR, \"button[aria-label='Add this item to cart']\")\n                add_to_cart_button.click()\n                time.sleep(1)\n    \n            with allure.step(\"Click on checkout button\"):\n                shop_cart_modal = get_shadow_element(driver, shop_app, \"shop-cart-modal\")\n                checkout_button = get_shadow_element(driver, shop_cart_modal, \"shop-button:nth-of-type(2)\")\n                checkout_link = checkout_button.find_element(By.CSS_SELECTOR, \"a[href='/checkout']\")\n                checkout_link.click()\n                time.sleep(1)\n    \n            with allure.step(\"Enter invalid email in checkout form\"):\n                iron_pages = get_shadow_element(driver, shop_app, \"iron-pages\")\n                shop_checkout = iron_pages.find_element(By.CSS_SELECTOR, \"shop-checkout\")\n                shop_checkout_shadow = get_shadow_element(driver, shop_checkout, \"div\")\n                email_input = shop_checkout_shadow.find_element(By.CSS_SELECTOR, \"input#accountEmail\")\n                email_input.send_keys(\"rh@gmail\")  # Invalid email\n                allure.attach(driver.get_screenshot_as_png(), name=\"Entered Invalid Email\", attachment_type=allure.attachment_type.PNG)\n                time.sleep(1)\n    \n            with allure.step(\"Click 'Place Order' button\"):\n                button = shop_checkout_shadow.find_element(By.CSS_SELECTOR, 'input[value=\"Place Order\"]')\n                button.click()\n                time.sleep(1)\n    \n            with allure.step(\"Check for email validation error\"):\n                shop_md_decorator = shop_checkout_shadow.find_element(By.CSS_SELECTOR, \"shop-md-decorator\")\n                is_error_displayed = shop_md_decorator.get_attribute(\"aria-hidden\") != \"true\"\n                allure.attach(driver.get_screenshot_as_png(), name=\"Email Validation Error\", attachment_type=allure.attachment_type.PNG)\n    \n>               assert is_error_displayed, \"Test Failed: No email validation error displayed\"\nE               AssertionError: Test Failed: No email validation error displayed\nE               assert False\n\ntest_script6.py:56: AssertionError\n\nDuring handling of the above exception, another exception occurred:\n\n    @allure.feature(\"Checkout Process\")\n    @allure.story(\"Verify invalid email validation\")\n    def test_checkout_invalid_email():\n        driver = webdriver.Chrome()\n        driver.get(\"https://shop.polymer-project.org/detail/mens_outerwear/Anvil+L+S+Crew+Neck+-+Grey\")\n        time.sleep(1)\n    \n        try:\n            with allure.step(\"Add item to cart\"):\n                shop_app = driver.find_element(By.CSS_SELECTOR, \"shop-app\")\n                iron_pages = get_shadow_element(driver, shop_app, \"iron-pages\")\n                shop_detail = iron_pages.find_element(By.CSS_SELECTOR, \"shop-detail\")\n                shop_button = get_shadow_element(driver, shop_detail, \"shop-button\")\n                add_to_cart_button = shop_button.find_element(By.CSS_SELECTOR, \"button[aria-label='Add this item to cart']\")\n                add_to_cart_button.click()\n                time.sleep(1)\n    \n            with allure.step(\"Click on checkout button\"):\n                shop_cart_modal = get_shadow_element(driver, shop_app, \"shop-cart-modal\")\n                checkout_button = get_shadow_element(driver, shop_cart_modal, \"shop-button:nth-of-type(2)\")\n                checkout_link = checkout_button.find_element(By.CSS_SELECTOR, \"a[href='/checkout']\")\n                checkout_link.click()\n                time.sleep(1)\n    \n            with allure.step(\"Enter invalid email in checkout form\"):\n                iron_pages = get_shadow_element(driver, shop_app, \"iron-pages\")\n                shop_checkout = iron_pages.find_element(By.CSS_SELECTOR, \"shop-checkout\")\n                shop_checkout_shadow = get_shadow_element(driver, shop_checkout, \"div\")\n                email_input = shop_checkout_shadow.find_element(By.CSS_SELECTOR, \"input#accountEmail\")\n                email_input.send_keys(\"rh@gmail\")  # Invalid email\n                allure.attach(driver.get_screenshot_as_png(), name=\"Entered Invalid Email\", attachment_type=allure.attachment_type.PNG)\n                time.sleep(1)\n    \n            with allure.step(\"Click 'Place Order' button\"):\n                button = shop_checkout_shadow.find_element(By.CSS_SELECTOR, 'input[value=\"Place Order\"]')\n                button.click()\n                time.sleep(1)\n    \n            with allure.step(\"Check for email validation error\"):\n                shop_md_decorator = shop_checkout_shadow.find_element(By.CSS_SELECTOR, \"shop-md-decorator\")\n                is_error_displayed = shop_md_decorator.get_attribute(\"aria-hidden\") != \"true\"\n                allure.attach(driver.get_screenshot_as_png(), name=\"Email Validation Error\", attachment_type=allure.attachment_type.PNG)\n    \n                assert is_error_displayed, \"Test Failed: No email validation error displayed\"\n    \n        except Exception as e:\n            allure.attach(driver.get_screenshot_as_png(), name=\"Error Screenshot\", attachment_type=allure.attachment_type.PNG)\n>           pytest.fail(f\"Test encountered an error: {e}\")\nE           Failed: Test encountered an error: Test Failed: No email validation error displayed\nE           assert False\n\ntest_script6.py:60: Failed"}, "steps": [{"name": "Add item to cart", "status": "passed", "steps": [{"name": "Get shadow root of element: 'iron-pages'", "status": "passed", "parameters": [{"name": "driver", "value": "<selenium.webdriver.chrome.webdriver.WebDriver (session=\"6b93c112a66bd6f3a2201b6eec5670d0\")>"}, {"name": "root_element", "value": "<selenium.webdriver.remote.webelement.WebElement (session=\"6b93c112a66bd6f3a2201b6eec5670d0\", element=\"f.C76869EC97CACDC55E79F8EDC60670B4.d.3CA4966CCDC16A6B4187970A978A899F.e.2\")>"}, {"name": "selector", "value": "'iron-pages'"}], "start": 1738357959582, "stop": 1738357959623}, {"name": "Get shadow root of element: 'shop-button'", "status": "passed", "parameters": [{"name": "driver", "value": "<selenium.webdriver.chrome.webdriver.WebDriver (session=\"6b93c112a66bd6f3a2201b6eec5670d0\")>"}, {"name": "root_element", "value": "<selenium.webdriver.remote.webelement.WebElement (session=\"6b93c112a66bd6f3a2201b6eec5670d0\", element=\"f.C76869EC97CACDC55E79F8EDC60670B4.d.3CA4966CCDC16A6B4187970A978A899F.e.5\")>"}, {"name": "selector", "value": "'shop-button'"}], "start": 1738357959643, "stop": 1738357959678}], "start": 1738357959553, "stop": 1738357960831}, {"name": "Click on checkout button", "status": "passed", "steps": [{"name": "Get shadow root of element: 'shop-cart-modal'", "status": "passed", "parameters": [{"name": "driver", "value": "<selenium.webdriver.chrome.webdriver.WebDriver (session=\"6b93c112a66bd6f3a2201b6eec5670d0\")>"}, {"name": "root_element", "value": "<selenium.webdriver.remote.webelement.WebElement (session=\"6b93c112a66bd6f3a2201b6eec5670d0\", element=\"f.C76869EC97CACDC55E79F8EDC60670B4.d.3CA4966CCDC16A6B4187970A978A899F.e.2\")>"}, {"name": "selector", "value": "'shop-cart-modal'"}], "start": 1738357960831, "stop": 1738357960872}, {"name": "Get shadow root of element: 'shop-button:nth-of-type(2)'", "status": "passed", "parameters": [{"name": "driver", "value": "<selenium.webdriver.chrome.webdriver.WebDriver (session=\"6b93c112a66bd6f3a2201b6eec5670d0\")>"}, {"name": "root_element", "value": "<selenium.webdriver.remote.webelement.WebElement (session=\"6b93c112a66bd6f3a2201b6eec5670d0\", element=\"f.C76869EC97CACDC55E79F8EDC60670B4.d.3CA4966CCDC16A6B4187970A978A899F.e.14\")>"}, {"name": "selector", "value": "'shop-button:nth-of-type(2)'"}], "start": 1738357960872, "stop": 1738357960904}], "start": 1738357960831, "stop": 1738357962086}, {"name": "Enter invalid email in checkout form", "status": "passed", "steps": [{"name": "Get shadow root of element: 'iron-pages'", "status": "passed", "parameters": [{"name": "driver", "value": "<selenium.webdriver.chrome.webdriver.WebDriver (session=\"6b93c112a66bd6f3a2201b6eec5670d0\")>"}, {"name": "root_element", "value": "<selenium.webdriver.remote.webelement.WebElement (session=\"6b93c112a66bd6f3a2201b6eec5670d0\", element=\"f.C76869EC97CACDC55E79F8EDC60670B4.d.3CA4966CCDC16A6B4187970A978A899F.e.2\")>"}, {"name": "selector", "value": "'iron-pages'"}], "start": 1738357962087, "stop": 1738357962129}, {"name": "Get shadow root of element: 'div'", "status": "passed", "parameters": [{"name": "driver", "value": "<selenium.webdriver.chrome.webdriver.WebDriver (session=\"6b93c112a66bd6f3a2201b6eec5670d0\")>"}, {"name": "root_element", "value": "<selenium.webdriver.remote.webelement.WebElement (session=\"6b93c112a66bd6f3a2201b6eec5670d0\", element=\"f.C76869EC97CACDC55E79F8EDC60670B4.d.3CA4966CCDC16A6B4187970A978A899F.e.38\")>"}, {"name": "selector", "value": "'div'"}], "start": 1738357962150, "stop": 1738357962182}], "attachments": [{"name": "Entered Invalid Email", "source": "788096f9-fae1-4f3e-a804-654590115cc5-attachment.png", "type": "image/png"}], "start": 1738357962086, "stop": 1738357963409}, {"name": "Click 'Place Order' button", "status": "passed", "start": 1738357963409, "stop": 1738357964622}, {"name": "Check for email validation error", "status": "failed", "statusDetails": {"message": "AssertionError: Test Failed: No email validation error displayed\nassert False\n", "trace": "  File \"D:\\E.R.Y\\(7)\\SoftwareTest\\Project\\AllureTest\\test_script6.py\", line 56, in test_checkout_invalid_email\n    assert is_error_displayed, \"Test Failed: No email validation error displayed\"\n"}, "attachments": [{"name": "Email Validation Error", "source": "a5622798-eb25-4415-b919-9e8bb18fa3a1-attachment.png", "type": "image/png"}], "start": 1738357964622, "stop": 1738357964744}], "attachments": [{"name": "Error Screenshot", "source": "9c898a79-0065-4ed1-adad-7871b2b85c89-attachment.png", "type": "image/png"}], "start": 1738357953610, "stop": 1738357967027, "uuid": "e10f68ac-a2c5-444e-9c44-0692c99fd44c", "historyId": "6ce08428d77ac7d07606ca82d8576885", "testCaseId": "6ce08428d77ac7d07606ca82d8576885", "fullName": "test_script6#test_checkout_invalid_email", "labels": [{"name": "story", "value": "Verify invalid email validation"}, {"name": "feature", "value": "Checkout Process"}, {"name": "suite", "value": "test_script6"}, {"name": "host", "value": "MSI"}, {"name": "thread", "value": "25672-MainThread"}, {"name": "framework", "value": "pytest"}, {"name": "language", "value": "cpython3"}, {"name": "package", "value": "test_script6"}]}